<?xml version="1.0" encoding="UTF-8"?>
<testng-results ignored="0" total="1" passed="1" failed="0" skipped="0">
  <reporter-output>
  </reporter-output>
  <suite started-at="2023-03-15T23:40:28 IST" name="Default suite" finished-at="2023-03-15T23:40:47 IST" duration-ms="18747">
    <groups>
    </groups>
    <test started-at="2023-03-15T23:40:28 IST" name="Default test" finished-at="2023-03-15T23:40:47 IST" duration-ms="18747">
      <class name="PageFactoryWithoutAnnotation.LoginWithoutFindBy">
        <test-method signature="LogIn()[pri:0, instance:PageFactoryWithoutAnnotation.LoginWithoutFindBy@5e316c74]" started-at="2023-03-15T23:40:28 IST" name="LogIn" finished-at="2023-03-15T23:40:47 IST" duration-ms="18677" status="PASS">
          <reporter-output>
          </reporter-output>
        </test-method> <!-- LogIn -->
      </class> <!-- PageFactoryWithoutAnnotation.LoginWithoutFindBy -->
    </test> <!-- Default test -->
  </suite> <!-- Default suite -->
</testng-results>
